#
# There is insufficient memory for the Java Runtime Environment to continue.
# Native memory allocation (malloc) failed to allocate 1048576 bytes for AllocateHeap
# Possible reasons:
#   The system is out of physical RAM or swap space
#   The process is running with CompressedOops enabled, and the Java Heap may be blocking the growth of the native heap
# Possible solutions:
#   Reduce memory load on the system
#   Increase physical memory or swap space
#   Check if swap backing store is full
#   Decrease Java heap size (-Xmx/-Xms)
#   Decrease number of Java threads
#   Decrease Java thread stack sizes (-Xss)
#   Set larger code cache with -XX:ReservedCodeCacheSize=
#   JVM is running with Unscaled Compressed Oops mode in which the Java heap is
#     placed in the first 4GB address space. The Java Heap base address is the
#     maximum limit for the native heap growth. Please use -XX:HeapBaseMinAddress
#     to set the Java Heap base and to place the Java Heap above 4GB virtual address.
# This output file may be truncated or incomplete.
#
#  Out of Memory Error (memory/allocation.inline.hpp:61), pid=12044, tid=0x0000000000004b34
#
# JRE version:  (8.0_281-b09) (build )
# Java VM: Java HotSpot(TM) 64-Bit Server VM (25.281-b09 mixed mode windows-amd64 compressed oops)
# Failed to write core dump. Minidumps are not enabled by default on client versions of Windows
#

---------------  T H R E A D  ---------------

Current thread (0x0000025253af4000):  JavaThread "Unknown thread" [_thread_in_vm, id=19252, stack(0x000000b87e400000,0x000000b87e500000)]

Stack: [0x000000b87e400000,0x000000b87e500000]
Native frames: (J=compiled Java code, j=interpreted, Vv=VM code, C=native code)
V  [jvm.dll+0x32e5b9]
V  [jvm.dll+0x275012]
V  [jvm.dll+0x275cbd]
V  [jvm.dll+0x26c6f5]
V  [jvm.dll+0x509d]
V  [jvm.dll+0x3d2b23]
V  [jvm.dll+0x3d3538]
V  [jvm.dll+0xfcaaf]
V  [jvm.dll+0x209a1b]
V  [jvm.dll+0x2383d7]
V  [jvm.dll+0x162566]
C  [jli.dll+0x4316]
C  [jli.dll+0x15a48]
C  [KERNEL32.DLL+0x17034]
C  [ntdll.dll+0x52651]


---------------  P R O C E S S  ---------------

Java Threads: ( => current thread )

Other Threads:

=>0x0000025253af4000 (exited) JavaThread "Unknown thread" [_thread_in_vm, id=19252, stack(0x000000b87e400000,0x000000b87e500000)]

VM state:not at safepoint (normal execution)

VM Mutex/Monitor currently owned by a thread: None

heap address: 0x0000000082200000, size: 2014 MB, Compressed Oops mode: 32-bit
Narrow klass base: 0x0000000000000000, Narrow klass shift: 3
Compressed class space size: 1073741824 Address: 0x0000000100000000

Heap:
 PSYoungGen      total 2048K, used 30K [0x00000000d6100000, 0x00000000d6380000, 0x0000000100000000)
  eden space 1536K, 2% used [0x00000000d6100000,0x00000000d6107af0,0x00000000d6280000)
  from space 512K, 0% used [0x00000000d6300000,0x00000000d6300000,0x00000000d6380000)
  to   space 512K, 0% used [0x00000000d6280000,0x00000000d6280000,0x00000000d6300000)
 ParOldGen       total 5632K, used 0K [0x0000000082200000, 0x0000000082780000, 0x00000000d6100000)
  object space 5632K, 0% used [0x0000000082200000,0x0000000082200000,0x0000000082780000)
 Metaspace       used 777K, capacity 4480K, committed 4480K, reserved 1056768K
  class space    used 76K, capacity 384K, committed 384K, reserved 1048576K

Card table byte_map: [0x0000025264910000,0x0000025264d00000] byte_map_base: 0x00000252644ff000

Marking Bits: (ParMarkBitMap*) 0x0000000054246ff0
 Begin Bits: [0x0000025264fa0000, 0x0000025266f18000)
 End Bits:   [0x0000025266f18000, 0x0000025268e90000)

Polling page: 0x0000025253c50000

CodeCache: size=245760Kb used=328Kb max_used=328Kb free=245431Kb
 bounds [0x0000025255550000, 0x00000252557c0000, 0x0000025264550000]
 total_blobs=58 nmethods=0 adapters=38
 compilation: enabled

Compilation events (0 events):
No events

GC Heap History (0 events):
No events

Deoptimization events (0 events):
No events

Classes redefined (0 events):
No events

Internal exceptions (0 events):
No events

Events (10 events):
Event: 0.042 loading class java/lang/Short
Event: 0.042 loading class java/lang/Short done
Event: 0.042 loading class java/lang/Integer
Event: 0.042 loading class java/lang/Integer done
Event: 0.042 loading class java/lang/Long
Event: 0.042 loading class java/lang/Long done
Event: 0.043 loading class java/lang/NullPointerException
Event: 0.043 loading class java/lang/NullPointerException done
Event: 0.043 loading class java/lang/ArithmeticException
Event: 0.043 loading class java/lang/ArithmeticException done


Dynamic libraries:
0x00007ff7ba7e0000 - 0x00007ff7ba7e7000 	C:\Program Files\Java\jdk1.8.0_281\bin\javac.exe
0x00007ffdcf4f0000 - 0x00007ffdcf6e5000 	C:\WINDOWS\SYSTEM32\ntdll.dll
0x00007ffdce860000 - 0x00007ffdce91d000 	C:\WINDOWS\System32\KERNEL32.DLL
0x00007ffdcd030000 - 0x00007ffdcd2f8000 	C:\WINDOWS\System32\KERNELBASE.dll
0x00007ffdcce40000 - 0x00007ffdccf40000 	C:\WINDOWS\System32\ucrtbase.dll
0x00007ffdc3aa0000 - 0x00007ffdc3ab5000 	C:\Program Files\Java\jdk1.8.0_281\bin\VCRUNTIME140.dll
0x00007ffdb6630000 - 0x00007ffdb666f000 	C:\Program Files\Java\jdk1.8.0_281\bin\jli.dll
0x00007ffdce600000 - 0x00007ffdce6ac000 	C:\WINDOWS\System32\ADVAPI32.dll
0x00007ffdcdb70000 - 0x00007ffdcdc0e000 	C:\WINDOWS\System32\msvcrt.dll
0x00007ffdcf1b0000 - 0x00007ffdcf24b000 	C:\WINDOWS\System32\sechost.dll
0x00007ffdce4c0000 - 0x00007ffdce5eb000 	C:\WINDOWS\System32\RPCRT4.dll
0x00007ffdcdf30000 - 0x00007ffdce0d0000 	C:\WINDOWS\System32\USER32.dll
0x00007ffdcd3b0000 - 0x00007ffdcd3d2000 	C:\WINDOWS\System32\win32u.dll
0x00007ffdb8bb0000 - 0x00007ffdb8e4a000 	C:\WINDOWS\WinSxS\amd64_microsoft.windows.common-controls_6595b64144ccf1df_6.0.19041.844_none_ca00b6081b84eb1d\COMCTL32.dll
0x00007ffdcdc10000 - 0x00007ffdcdc3a000 	C:\WINDOWS\System32\GDI32.dll
0x00007ffdcd3e0000 - 0x00007ffdcd4eb000 	C:\WINDOWS\System32\gdi32full.dll
0x00007ffdccf40000 - 0x00007ffdccfdd000 	C:\WINDOWS\System32\msvcp_win.dll
0x00007ffdcdd20000 - 0x00007ffdcdd50000 	C:\WINDOWS\System32\IMM32.DLL
0x00007ffdc2990000 - 0x00007ffdc29a5000 	C:\Program Files\Java\jdk1.8.0_281\jre\bin\vcruntime140.dll
0x00007ffd9c140000 - 0x00007ffd9c1db000 	C:\Program Files\Java\jdk1.8.0_281\jre\bin\msvcp140.dll
0x0000000053a60000 - 0x00000000542bf000 	C:\Program Files\Java\jdk1.8.0_281\jre\bin\server\jvm.dll
0x00007ffdce140000 - 0x00007ffdce148000 	C:\WINDOWS\System32\PSAPI.DLL
0x00007ffdaf070000 - 0x00007ffdaf079000 	C:\WINDOWS\SYSTEM32\WSOCK32.dll
0x00007ffdb36e0000 - 0x00007ffdb3707000 	C:\WINDOWS\SYSTEM32\WINMM.dll
0x00007ffdc4e40000 - 0x00007ffdc4e4a000 	C:\WINDOWS\SYSTEM32\VERSION.dll
0x00007ffdce0d0000 - 0x00007ffdce13b000 	C:\WINDOWS\System32\WS2_32.dll
0x00007ffdcb500000 - 0x00007ffdcb512000 	C:\WINDOWS\SYSTEM32\kernel.appcore.dll
0x00007ffdc69f0000 - 0x00007ffdc6a00000 	C:\Program Files\Java\jdk1.8.0_281\jre\bin\verify.dll
0x00007ffdc1dd0000 - 0x00007ffdc1dfb000 	C:\Program Files\Java\jdk1.8.0_281\jre\bin\java.dll
0x00007ffdba940000 - 0x00007ffdba958000 	C:\Program Files\Java\jdk1.8.0_281\jre\bin\zip.dll
0x00007ffdcb230000 - 0x00007ffdcb414000 	C:\WINDOWS\SYSTEM32\dbghelp.dll
0x00007ffdccc30000 - 0x00007ffdcccb0000 	C:\WINDOWS\System32\bcryptPrimitives.dll

VM Arguments:
jvm_args: -Dapplication.home=C:\Program Files\Java\jdk1.8.0_281 -Xms8m 
java_command: com.sun.tools.javac.Main Neww.java
java_class_path (initial): C:\Program Files\Java\jdk1.8.0_281/lib/tools.jar;C:\Program Files\Java\jdk1.8.0_281/classes
Launcher Type: SUN_STANDARD

Environment Variables:
PATH=C:\Program Files (x86)\Common Files\Oracle\Java\javapath;C:\Windows\system32;C:\Windows;C:\Windows\System32\Wbem;C:\Windows\System32\WindowsPowerShell\v1.0\;C:\Windows\System32\OpenSSH\;C:\Program Files (x86)\NVIDIA Corporation\PhysX\Common;C:\Program Files\Intel\WiFi\bin\;C:\Program Files\Common Files\Intel\WirelessCommon\;C:\Program Files\Common Files\Autodesk Shared\;C:\WINDOWS\system32;C:\WINDOWS;C:\WINDOWS\System32\Wbem;C:\WINDOWS\System32\WindowsPowerShell\v1.0\;C:\WINDOWS\System32\OpenSSH\;C:\Program Files (x86)\Intel\Intel(R) Management Engine Components\DAL;C:\Program Files\Intel\Intel(R) Management Engine Components\DAL;C:\TDM-GCC-32\bin;C:\Program Files\Java\jdk1.8.0_281\bin;;C:\Users\DELL\AppData\Local\Programs\Microsoft VS Code\bin
USERNAME=DELL
OS=Windows_NT
PROCESSOR_IDENTIFIER=Intel64 Family 6 Model 158 Stepping 10, GenuineIntel



---------------  S Y S T E M  ---------------

OS: Windows 10.0 , 64 bit Build 19041 (10.0.19041.928)

CPU:total 8 (initial active 8) (4 cores per cpu, 2 threads per core) family 6 model 158 stepping 10, cmov, cx8, fxsr, mmx, sse, sse2, sse3, ssse3, sse4.1, sse4.2, popcnt, avx, avx2, aes, clmul, erms, 3dnowpref, lzcnt, ht, tsc, tscinvbit, bmi1, bmi2, adx

Memory: 4k page, physical 8245816k(620808k free), swap 21841076k(1760k free)

vm_info: Java HotSpot(TM) 64-Bit Server VM (25.281-b09) for windows-amd64 JRE (1.8.0_281-b09), built on Dec  9 2020 13:54:07 by "" with MS VC++ 15.9 (VS2017)

time: Fri May  7 00:16:36 2021
timezone: India Standard Time
elapsed time: 0.201297 seconds (0d 0h 0m 0s)

